===================================================
Experiment Configuration:
- Hidden Dimension: 320
- Number of Heads: 3
- Number of Blocks: 2
- Patch Size: 1
- Learning Rate: 1e-3
- Start Time: Fri Dec 13 11:55:55 AM EST 2024
===================================================
Starting training for 7 epochs...

Epoch 1/7
Training:   0%|          | 0/390 [00:00<?, ?it/s]Training:   0%|          | 0/390 [00:00<?, ?it/s]
Traceback (most recent call last):
  File "/home/michel/repos/scratch_vit/train_cifar.py", line 295, in <module>
    vit_cifar.train_model()
  File "/home/michel/repos/scratch_vit/train_cifar.py", line 221, in train_model
    train_loss = self.train_iter()
  File "/home/michel/repos/scratch_vit/train_cifar.py", line 162, in train_iter
    y_pred = self.model.forward(x)
  File "/home/michel/repos/scratch_vit/model/vit_finished.py", line 96, in forward
    out = block.forward(out)
  File "/home/michel/repos/scratch_vit/model/transformer_block.py", line 53, in forward
    mha_out = self.mha.forward(self.layer_norm_1(x))
  File "/home/michel/repos/scratch_vit/model/multi_head_attention.py", line 51, in forward
    sequences = cp.split(sequences, self.n_heads, axis=-1)
  File "/home/michel/miniforge3/envs/scratch_vit/lib/python3.10/site-packages/cupy/_manipulation/split.py", line 74, in split
    raise ValueError(
ValueError: indices_or_sections must divide the size along the axes.
If you want to split the array into non-equally-sized arrays, use array_split instead.

real	0m1.722s
user	0m2.278s
sys	0m0.512s
