===================================================
Vision Transformer Architecture Search
Started at: Thu Dec 12 09:24:48 AM EST 2024
===================================================

Fixed Parameters:
- Learning rate: 1e-4
- Patch size: 4
- Epochs: 5
- Test interval: 1

Search Parameters:
- Number of heads: 4 8 12
- Number of blocks: 4 8 12
- Hidden dimensions: 256 512 768

===================================================

Experiment 1/3*3*3 (heads=4, blocks=4, hidden_dim=256)
Success - Test Accuracy: 0.8624, Inference Time: NAms
---------------------------------------------------

Experiment 2/3*3*3 (heads=4, blocks=8, hidden_dim=256)
Success - Test Accuracy: 0.8498, Inference Time: NAms
---------------------------------------------------

Experiment 3/3*3*3 (heads=4, blocks=12, hidden_dim=256)
Success - Test Accuracy: 0.8380, Inference Time: NAms
---------------------------------------------------

Experiment 4/3*3*3 (heads=8, blocks=4, hidden_dim=256)
Success - Test Accuracy: 0.8546, Inference Time: NAms
---------------------------------------------------

Experiment 5/3*3*3 (heads=8, blocks=8, hidden_dim=256)
Success - Test Accuracy: 0.8530, Inference Time: NAms
---------------------------------------------------

Experiment 6/3*3*3 (heads=8, blocks=12, hidden_dim=256)
Success - Test Accuracy: 0.8432, Inference Time: NAms
---------------------------------------------------

Experiment 7/3*3*3 (heads=12, blocks=4, hidden_dim=256)
Failed - Error during execution
---------------------------------------------------

Experiment 8/3*3*3 (heads=12, blocks=8, hidden_dim=256)
Failed - Error during execution
---------------------------------------------------

Experiment 9/3*3*3 (heads=12, blocks=12, hidden_dim=256)
Failed - Error during execution
---------------------------------------------------

Experiment 10/3*3*3 (heads=4, blocks=4, hidden_dim=512)
Success - Test Accuracy: 0.8808, Inference Time: NAms
---------------------------------------------------

Experiment 11/3*3*3 (heads=4, blocks=8, hidden_dim=512)
Success - Test Accuracy: 0.8646, Inference Time: NAms
---------------------------------------------------

Experiment 12/3*3*3 (heads=4, blocks=12, hidden_dim=512)
Success - Test Accuracy: 0.8650, Inference Time: NAms
---------------------------------------------------

Experiment 13/3*3*3 (heads=8, blocks=4, hidden_dim=512)
Success - Test Accuracy: 0.8732, Inference Time: NAms
---------------------------------------------------

Experiment 14/3*3*3 (heads=8, blocks=8, hidden_dim=512)
Success - Test Accuracy: 0.8746, Inference Time: NAms
---------------------------------------------------

Experiment 15/3*3*3 (heads=8, blocks=12, hidden_dim=512)
Success - Test Accuracy: 0.8676, Inference Time: NAms
---------------------------------------------------

Experiment 16/3*3*3 (heads=12, blocks=4, hidden_dim=512)
Failed - Error during execution
---------------------------------------------------

Experiment 17/3*3*3 (heads=12, blocks=8, hidden_dim=512)
Failed - Error during execution
---------------------------------------------------

Experiment 18/3*3*3 (heads=12, blocks=12, hidden_dim=512)
Failed - Error during execution
---------------------------------------------------

Experiment 19/3*3*3 (heads=4, blocks=4, hidden_dim=768)
Success - Test Accuracy: 0.8606, Inference Time: NAms
---------------------------------------------------

Experiment 20/3*3*3 (heads=4, blocks=8, hidden_dim=768)
Success - Test Accuracy: 0.8458, Inference Time: NAms
---------------------------------------------------

Experiment 21/3*3*3 (heads=4, blocks=12, hidden_dim=768)
Success - Test Accuracy: 0.8716, Inference Time: NAms
---------------------------------------------------

Experiment 22/3*3*3 (heads=8, blocks=4, hidden_dim=768)
Success - Test Accuracy: 0.8756, Inference Time: NAms
---------------------------------------------------

Experiment 23/3*3*3 (heads=8, blocks=8, hidden_dim=768)
Success - Test Accuracy: 0.8918, Inference Time: NAms
---------------------------------------------------

Experiment 24/3*3*3 (heads=8, blocks=12, hidden_dim=768)
Success - Test Accuracy: 0.8594, Inference Time: NAms
---------------------------------------------------

Experiment 25/3*3*3 (heads=12, blocks=4, hidden_dim=768)
Success - Test Accuracy: 0.8698, Inference Time: NAms
---------------------------------------------------

Experiment 26/3*3*3 (heads=12, blocks=8, hidden_dim=768)
Success - Test Accuracy: 0.8786, Inference Time: NAms
---------------------------------------------------

Experiment 27/3*3*3 (heads=12, blocks=12, hidden_dim=768)
Success - Test Accuracy: 0.8744, Inference Time: NAms
---------------------------------------------------

===================================================
Architecture Search Results Summary
===================================================
Best Configuration:
- Number of Heads: 8
- Number of Blocks: 8
- Hidden Dimension: 768
- Test Accuracy: 0.8918
- Inference Time: NAms

All Results (sorted by accuracy):
---------------------------------------------------
8          8           768         0.8918         NA                 success
4          4           512         0.8808         NA                 success
12         8           768         0.8786         NA                 success
8          4           768         0.8756         NA                 success
8          8           512         0.8746         NA                 success
12         12          768         0.8744         NA                 success
8          4           512         0.8732         NA                 success
4          12          768         0.8716         NA                 success
12         4           768         0.8698         NA                 success
8          12          512         0.8676         NA                 success
4          12          512         0.8650         NA                 success
4          8           512         0.8646         NA                 success
4          4           256         0.8624         NA                 success
4          4           768         0.8606         NA                 success
8          12          768         0.8594         NA                 success
8          4           256         0.8546         NA                 success
8          8           256         0.8530         NA                 success
4          8           256         0.8498         NA                 success
4          8           768         0.8458         NA                 success
8          12          256         0.8432         NA                 success
4          12          256         0.8380         NA                 success
num_heads  num_blocks  hidden_dim  test_accuracy  inference_time_ms  status
12         8           512         NA             NA                 failed_error
12         8           256         NA             NA                 failed_error
12         4           512         NA             NA                 failed_error
12         4           256         NA             NA                 failed_error
12         12          512         NA             NA                 failed_error
12         12          256         NA             NA                 failed_error

===================================================
Architecture search completed at Thu Dec 12 02:33:41 PM EST 2024
Logs saved in: vit_architecture_search_results/experiment_logs_20241212_092448
Results saved in: vit_architecture_search_results/results_20241212_092448.csv
===================================================
