===================================================
Vision Transformer Grid Search
Started at: Thu Dec 12 10:24:21 AM EST 2024
===================================================

Fixed Parameters:
- Number of heads: 4
- Number of blocks: 3
- Hidden dimension: 384
- Epochs: 5
- Test interval: 1

Grid Search Parameters:
- Learning rates: 1e-6 1e-7
- Patch sizes: 1 2

===================================================

Experiment 1/2*2 (lr=1e-6, patch_size=1)
Success - Test Accuracy: 0.7248, Inference Time: NAms
---------------------------------------------------

Experiment 2/2*2 (lr=1e-6, patch_size=2)
Success - Test Accuracy: 0.6384, Inference Time: NAms
---------------------------------------------------

Experiment 3/2*2 (lr=1e-7, patch_size=1)
Success - Test Accuracy: 0.1446, Inference Time: NAms
---------------------------------------------------

Experiment 4/2*2 (lr=1e-7, patch_size=2)
Success - Test Accuracy: 0.2356, Inference Time: NAms
---------------------------------------------------

===================================================
Grid Search Results Summary
===================================================
Best Configuration:
- Learning Rate: 1e-6
- Patch Size: 1
- Test Accuracy: 0.7248
- Inference Time: NAms

All Results (sorted by accuracy):
---------------------------------------------------
1e-6           1           0.7248         NA                 success
1e-6           2           0.6384         NA                 success
1e-7           2           0.2356         NA                 success
1e-7           1           0.1446         NA                 success
learning_rate  patch_size  test_accuracy  inference_time_ms  status

===================================================
Grid search completed at Thu Dec 12 10:48:25 AM EST 2024
Logs saved in: vit_grid_search_results/experiment_logs_20241212_102421
Results saved in: vit_grid_search_results/results_20241212_102421.csv
===================================================
