===================================================
Vision Transformer Architecture Search for CIFAR-10
Started at: Fri Dec 13 11:51:17 AM EST 2024
===================================================

Fixed Parameters:
- Epochs: 7
- Test interval: 1
- Number of random trials per learning rate: 20

Search Parameters:
- Hidden dimension range: 64 to 512
- Number of heads range: 2 to 6
- Number of blocks range: 2 to 6
- Patch sizes: 1 2 4
- Learning rates: 1e-3 1e-4

===================================================

Experiment 1/40
Configuration: hidden_dim=160, heads=6, blocks=3, patch_size=1, lr=1e-3
Failed - Error during execution
---------------------------------------------------

Experiment 2/40
Configuration: hidden_dim=224, heads=2, blocks=3, patch_size=1, lr=1e-3
Success - Test Accuracy: 0.4760, Inference Time: NAms
---------------------------------------------------

Experiment 3/40
Configuration: hidden_dim=64, heads=3, blocks=3, patch_size=2, lr=1e-3
Failed - Error during execution
---------------------------------------------------

Experiment 4/40
Configuration: hidden_dim=448, heads=3, blocks=3, patch_size=2, lr=1e-3
Failed - Error during execution
---------------------------------------------------

Experiment 5/40
Configuration: hidden_dim=128, heads=3, blocks=3, patch_size=4, lr=1e-3
Failed - Error during execution
---------------------------------------------------

Experiment 6/40
Configuration: hidden_dim=416, heads=6, blocks=3, patch_size=2, lr=1e-3
Failed - Error during execution
---------------------------------------------------

Experiment 7/40
Configuration: hidden_dim=320, heads=3, blocks=2, patch_size=1, lr=1e-3
Failed - Error during execution
---------------------------------------------------

Experiment 8/40
Configuration: hidden_dim=320, heads=3, blocks=2, patch_size=1, lr=1e-3
Failed - Error during execution
---------------------------------------------------

Experiment 9/40
Configuration: hidden_dim=160, heads=5, blocks=5, patch_size=2, lr=1e-3
Success - Test Accuracy: 0.4310, Inference Time: NAms
---------------------------------------------------

Experiment 10/40
Configuration: hidden_dim=480, heads=3, blocks=2, patch_size=2, lr=1e-3
Success - Test Accuracy: 0.3928, Inference Time: NAms
---------------------------------------------------

Experiment 11/40
Configuration: hidden_dim=320, heads=2, blocks=6, patch_size=1, lr=1e-3
Success - Test Accuracy: 0.4700, Inference Time: NAms
---------------------------------------------------

Experiment 12/40
Configuration: hidden_dim=384, heads=5, blocks=6, patch_size=1, lr=1e-3
Failed - Error during execution
---------------------------------------------------

Experiment 13/40
Configuration: hidden_dim=288, heads=5, blocks=6, patch_size=2, lr=1e-3
Failed - Error during execution
---------------------------------------------------

Experiment 14/40
Configuration: hidden_dim=128, heads=2, blocks=3, patch_size=1, lr=1e-3
Success - Test Accuracy: 0.4751, Inference Time: NAms
---------------------------------------------------

Experiment 15/40
Configuration: hidden_dim=352, heads=2, blocks=6, patch_size=4, lr=1e-3
Failed - Error during execution
---------------------------------------------------

Experiment 16/40
Configuration: hidden_dim=448, heads=3, blocks=3, patch_size=1, lr=1e-3
Failed - Error during execution
---------------------------------------------------

Experiment 17/40
Configuration: hidden_dim=288, heads=6, blocks=6, patch_size=2, lr=1e-3
Success - Test Accuracy: 0.4306, Inference Time: NAms
---------------------------------------------------

Experiment 18/40
Configuration: hidden_dim=416, heads=4, blocks=6, patch_size=1, lr=1e-3
Success - Test Accuracy: 0.4363, Inference Time: NAms
---------------------------------------------------

Experiment 19/40
Configuration: hidden_dim=160, heads=2, blocks=6, patch_size=2, lr=1e-3
Success - Test Accuracy: 0.4188, Inference Time: NAms
---------------------------------------------------

Experiment 20/40
Configuration: hidden_dim=64, heads=6, blocks=2, patch_size=2, lr=1e-3
Failed - Error during execution
---------------------------------------------------

Experiment 21/40
Configuration: hidden_dim=320, heads=6, blocks=5, patch_size=1, lr=1e-4
Failed - Error during execution
---------------------------------------------------

Experiment 22/40
Configuration: hidden_dim=384, heads=6, blocks=5, patch_size=2, lr=1e-4
Success - Test Accuracy: 0.4084, Inference Time: NAms
---------------------------------------------------

Experiment 23/40
Configuration: hidden_dim=64, heads=6, blocks=2, patch_size=4, lr=1e-4
Failed - Error during execution
---------------------------------------------------

Experiment 24/40
Configuration: hidden_dim=480, heads=2, blocks=5, patch_size=4, lr=1e-4
Success - Test Accuracy: 0.4199, Inference Time: NAms
---------------------------------------------------

Experiment 25/40
Configuration: hidden_dim=160, heads=3, blocks=6, patch_size=4, lr=1e-4
Failed - Error during execution
---------------------------------------------------

Experiment 26/40
Configuration: hidden_dim=480, heads=2, blocks=5, patch_size=2, lr=1e-4
Success - Test Accuracy: 0.4149, Inference Time: NAms
---------------------------------------------------

Experiment 27/40
Configuration: hidden_dim=64, heads=6, blocks=5, patch_size=1, lr=1e-4
Failed - Error during execution
---------------------------------------------------

Experiment 28/40
Configuration: hidden_dim=192, heads=6, blocks=3, patch_size=1, lr=1e-4
Success - Test Accuracy: 0.4739, Inference Time: NAms
---------------------------------------------------

Experiment 29/40
Configuration: hidden_dim=224, heads=2, blocks=3, patch_size=4, lr=1e-4
Success - Test Accuracy: 0.3701, Inference Time: NAms
---------------------------------------------------

Experiment 30/40
Configuration: hidden_dim=64, heads=4, blocks=4, patch_size=1, lr=1e-4
Success - Test Accuracy: 0.4442, Inference Time: NAms
---------------------------------------------------

Experiment 31/40
Configuration: hidden_dim=416, heads=6, blocks=6, patch_size=4, lr=1e-4
Failed - Error during execution
---------------------------------------------------

Experiment 32/40
Configuration: hidden_dim=320, heads=2, blocks=6, patch_size=1, lr=1e-4
Success - Test Accuracy: 0.4835, Inference Time: NAms
---------------------------------------------------

Experiment 33/40
Configuration: hidden_dim=352, heads=6, blocks=6, patch_size=2, lr=1e-4
Failed - Error during execution
---------------------------------------------------

Experiment 34/40
Configuration: hidden_dim=384, heads=4, blocks=4, patch_size=2, lr=1e-4
Success - Test Accuracy: 0.4247, Inference Time: NAms
---------------------------------------------------

Experiment 35/40
Configuration: hidden_dim=288, heads=4, blocks=2, patch_size=4, lr=1e-4
Success - Test Accuracy: 0.4275, Inference Time: NAms
---------------------------------------------------

Experiment 36/40
Configuration: hidden_dim=96, heads=4, blocks=2, patch_size=1, lr=1e-4
Success - Test Accuracy: 0.4677, Inference Time: NAms
---------------------------------------------------

Experiment 37/40
Configuration: hidden_dim=224, heads=4, blocks=5, patch_size=2, lr=1e-4
Success - Test Accuracy: 0.4112, Inference Time: NAms
---------------------------------------------------

Experiment 38/40
Configuration: hidden_dim=160, heads=4, blocks=3, patch_size=1, lr=1e-4
Success - Test Accuracy: 0.4615, Inference Time: NAms
---------------------------------------------------

Experiment 39/40
Configuration: hidden_dim=448, heads=3, blocks=6, patch_size=1, lr=1e-4
Failed - Error during execution
---------------------------------------------------

Experiment 40/40
Configuration: hidden_dim=256, heads=5, blocks=4, patch_size=2, lr=1e-4
Failed - Error during execution
---------------------------------------------------

===================================================
Architecture Search Results Summary
===================================================
Best Configuration:
- Hidden Dimension: 320
- Number of Heads: 2
- Number of Blocks: 6
- Patch Size: 1
- Learning Rate: 1e-4
- Test Accuracy: 0.4835
- Inference Time: NAms

All Results (sorted by accuracy):
---------------------------------------------------
320         2          6           1           1e-4           0.4835         NA                 success
224         2          3           1           1e-3           0.4760         NA                 success
128         2          3           1           1e-3           0.4751         NA                 success
192         6          3           1           1e-4           0.4739         NA                 success
320         2          6           1           1e-3           0.4700         NA                 success
96          4          2           1           1e-4           0.4677         NA                 success
160         4          3           1           1e-4           0.4615         NA                 success
64          4          4           1           1e-4           0.4442         NA                 success
416         4          6           1           1e-3           0.4363         NA                 success
160         5          5           2           1e-3           0.4310         NA                 success
288         6          6           2           1e-3           0.4306         NA                 success
288         4          2           4           1e-4           0.4275         NA                 success
384         4          4           2           1e-4           0.4247         NA                 success
480         2          5           4           1e-4           0.4199         NA                 success
160         2          6           2           1e-3           0.4188         NA                 success
480         2          5           2           1e-4           0.4149         NA                 success
224         4          5           2           1e-4           0.4112         NA                 success
384         6          5           2           1e-4           0.4084         NA                 success
480         3          2           2           1e-3           0.3928         NA                 success
224         2          3           4           1e-4           0.3701         NA                 success
hidden_dim  num_heads  num_blocks  patch_size  learning_rate  test_accuracy  inference_time_ms  status
64          6          5           1           1e-4           NA             NA                 failed_error
64          6          2           4           1e-4           NA             NA                 failed_error
64          6          2           2           1e-3           NA             NA                 failed_error
64          3          3           2           1e-3           NA             NA                 failed_error
448         3          6           1           1e-4           NA             NA                 failed_error
448         3          3           2           1e-3           NA             NA                 failed_error
448         3          3           1           1e-3           NA             NA                 failed_error
416         6          6           4           1e-4           NA             NA                 failed_error
416         6          3           2           1e-3           NA             NA                 failed_error
384         5          6           1           1e-3           NA             NA                 failed_error
352         6          6           2           1e-4           NA             NA                 failed_error
352         2          6           4           1e-3           NA             NA                 failed_error
320         6          5           1           1e-4           NA             NA                 failed_error
320         3          2           1           1e-3           NA             NA                 failed_error
320         3          2           1           1e-3           NA             NA                 failed_error
288         5          6           2           1e-3           NA             NA                 failed_error
256         5          4           2           1e-4           NA             NA                 failed_error
160         6          3           1           1e-3           NA             NA                 failed_error
160         3          6           4           1e-4           NA             NA                 failed_error
128         3          3           4           1e-3           NA             NA                 failed_error

===================================================
Architecture search completed at Fri Dec 13 01:52:49 PM EST 2024
Logs saved in: vit_cifar10_small_search_results/experiment_logs_20241213_115117
Results saved in: vit_cifar10_small_search_results/results_20241213_115117.csv
===================================================
