===================================================
Experiment Configuration:
- Number of Heads: 12
- Number of Blocks: 4
- Hidden Dimension: 512
- Start Time: Thu Dec 12 11:41:04 AM EST 2024
===================================================
Starting training for 5 epochs...

Epoch 1/5
Training:   0%|          | 0/468 [00:00<?, ?it/s]Training:   0%|          | 0/468 [00:00<?, ?it/s]
Traceback (most recent call last):
  File "/home/michel/repos/scratch_vit/train_new.py", line 260, in <module>
    vit_mnist.train_model()
  File "/home/michel/repos/scratch_vit/train_new.py", line 186, in train_model
    train_loss = self.train_iter()
  File "/home/michel/repos/scratch_vit/train_new.py", line 127, in train_iter
    y_pred = self.model.forward(x)
  File "/home/michel/repos/scratch_vit/model/vit_finished.py", line 96, in forward
    out = block.forward(out)
  File "/home/michel/repos/scratch_vit/model/transformer_block.py", line 53, in forward
    mha_out = self.mha.forward(self.layer_norm_1(x))
  File "/home/michel/repos/scratch_vit/model/multi_head_attention.py", line 51, in forward
    sequences = cp.split(sequences, self.n_heads, axis=-1)
  File "/home/michel/miniforge3/envs/scratch_vit/lib/python3.10/site-packages/cupy/_manipulation/split.py", line 74, in split
    raise ValueError(
ValueError: indices_or_sections must divide the size along the axes.
If you want to split the array into non-equally-sized arrays, use array_split instead.

real	0m1.475s
user	0m2.178s
sys	0m0.470s
