===================================================
Vision Transformer Architecture Search for CIFAR-10
Started at: Fri Dec 13 12:52:33 AM EST 2024
===================================================

Fixed Parameters:
- Epochs: 7
- Test interval: 1
- Number of random trials per learning rate: 35

Search Parameters:
- Hidden dimension range: 128 to 1024
- Number of heads range: 4 to 12
- Number of blocks range: 4 to 12
- Patch sizes: 4 8 16
- Learning rates: 1e-4 1e-5

===================================================

Experiment 1/70
Configuration: hidden_dim=352, heads=6, blocks=12, patch_size=4, lr=1e-4
Failed - Error during execution
---------------------------------------------------

Experiment 2/70
Configuration: hidden_dim=896, heads=5, blocks=9, patch_size=16, lr=1e-4
Failed - Error during execution
---------------------------------------------------

Experiment 3/70
Configuration: hidden_dim=928, heads=8, blocks=10, patch_size=8, lr=1e-4
