===================================================
Vision Transformer Architecture Search for CIFAR-10
Started at: Fri Dec 13 12:52:33 AM EST 2024
===================================================

Fixed Parameters:
- Epochs: 7
- Test interval: 1
- Number of random trials per learning rate: 35

Search Parameters:
- Hidden dimension range: 128 to 1024
- Number of heads range: 4 to 12
- Number of blocks range: 4 to 12
- Patch sizes: 4 8 16
- Learning rates: 1e-4 1e-5

===================================================

Experiment 1/70
Configuration: hidden_dim=352, heads=6, blocks=12, patch_size=4, lr=1e-4
Failed - Error during execution
---------------------------------------------------

Experiment 2/70
Configuration: hidden_dim=896, heads=5, blocks=9, patch_size=16, lr=1e-4
Failed - Error during execution
---------------------------------------------------

Experiment 3/70
Configuration: hidden_dim=928, heads=8, blocks=10, patch_size=8, lr=1e-4
Success - Test Accuracy: 0.4749, Inference Time: NAms
---------------------------------------------------

Experiment 4/70
Configuration: hidden_dim=736, heads=10, blocks=12, patch_size=16, lr=1e-4
Failed - Error during execution
---------------------------------------------------

Experiment 5/70
Configuration: hidden_dim=768, heads=5, blocks=10, patch_size=16, lr=1e-4
Failed - Error during execution
---------------------------------------------------

Experiment 6/70
Configuration: hidden_dim=864, heads=5, blocks=12, patch_size=16, lr=1e-4
Failed - Error during execution
---------------------------------------------------

Experiment 7/70
Configuration: hidden_dim=384, heads=12, blocks=8, patch_size=8, lr=1e-4
Success - Test Accuracy: 0.4898, Inference Time: NAms
---------------------------------------------------

Experiment 8/70
Configuration: hidden_dim=576, heads=12, blocks=11, patch_size=16, lr=1e-4
Failed - Error during execution
---------------------------------------------------

Experiment 9/70
Configuration: hidden_dim=992, heads=11, blocks=10, patch_size=16, lr=1e-4
Failed - Error during execution
---------------------------------------------------

Experiment 10/70
Configuration: hidden_dim=704, heads=7, blocks=11, patch_size=8, lr=1e-4
Failed - Error during execution
---------------------------------------------------

Experiment 11/70
Configuration: hidden_dim=128, heads=8, blocks=6, patch_size=16, lr=1e-4
Failed - Error during execution
---------------------------------------------------

Experiment 12/70
Configuration: hidden_dim=192, heads=5, blocks=4, patch_size=8, lr=1e-4
Failed - Error during execution
---------------------------------------------------

Experiment 13/70
Configuration: hidden_dim=928, heads=11, blocks=6, patch_size=4, lr=1e-4
Failed - Error during execution
---------------------------------------------------

Experiment 14/70
Configuration: hidden_dim=800, heads=8, blocks=11, patch_size=4, lr=1e-4
Success - Test Accuracy: 0.3987, Inference Time: NAms
---------------------------------------------------

Experiment 15/70
Configuration: hidden_dim=992, heads=9, blocks=6, patch_size=16, lr=1e-4
Failed - Error during execution
---------------------------------------------------

Experiment 16/70
Configuration: hidden_dim=256, heads=5, blocks=12, patch_size=16, lr=1e-4
Failed - Error during execution
---------------------------------------------------

Experiment 17/70
Configuration: hidden_dim=128, heads=7, blocks=4, patch_size=16, lr=1e-4
Failed - Error during execution
---------------------------------------------------

Experiment 18/70
Configuration: hidden_dim=128, heads=11, blocks=6, patch_size=8, lr=1e-4
Failed - Error during execution
---------------------------------------------------

Experiment 19/70
Configuration: hidden_dim=352, heads=5, blocks=10, patch_size=8, lr=1e-4
Failed - Error during execution
---------------------------------------------------

Experiment 20/70
Configuration: hidden_dim=608, heads=6, blocks=10, patch_size=4, lr=1e-4
Failed - Error during execution
---------------------------------------------------

Experiment 21/70
Configuration: hidden_dim=960, heads=6, blocks=8, patch_size=4, lr=1e-4
Success - Test Accuracy: 0.4303, Inference Time: NAms
---------------------------------------------------

Experiment 22/70
Configuration: hidden_dim=192, heads=10, blocks=6, patch_size=8, lr=1e-4
Failed - Error during execution
---------------------------------------------------

Experiment 23/70
Configuration: hidden_dim=320, heads=11, blocks=9, patch_size=16, lr=1e-4
Failed - Error during execution
---------------------------------------------------

Experiment 24/70
Configuration: hidden_dim=832, heads=8, blocks=8, patch_size=16, lr=1e-4
Failed - Error during execution
---------------------------------------------------

Experiment 25/70
Configuration: hidden_dim=352, heads=9, blocks=9, patch_size=16, lr=1e-4
Failed - Error during execution
---------------------------------------------------

Experiment 26/70
Configuration: hidden_dim=480, heads=9, blocks=5, patch_size=4, lr=1e-4
Failed - Error during execution
---------------------------------------------------

Experiment 27/70
Configuration: hidden_dim=224, heads=5, blocks=9, patch_size=4, lr=1e-4
Failed - Error during execution
---------------------------------------------------

Experiment 28/70
Configuration: hidden_dim=512, heads=8, blocks=6, patch_size=8, lr=1e-4
Success - Test Accuracy: 0.4674, Inference Time: NAms
---------------------------------------------------

Experiment 29/70
Configuration: hidden_dim=736, heads=8, blocks=7, patch_size=16, lr=1e-4
Failed - Error during execution
---------------------------------------------------

Experiment 30/70
Configuration: hidden_dim=928, heads=7, blocks=11, patch_size=4, lr=1e-4
Failed - Error during execution
---------------------------------------------------

Experiment 31/70
Configuration: hidden_dim=416, heads=12, blocks=11, patch_size=16, lr=1e-4
Failed - Error during execution
---------------------------------------------------

Experiment 32/70
Configuration: hidden_dim=896, heads=9, blocks=4, patch_size=8, lr=1e-4
Failed - Error during execution
---------------------------------------------------

Experiment 33/70
Configuration: hidden_dim=832, heads=8, blocks=11, patch_size=8, lr=1e-4
Success - Test Accuracy: 0.4584, Inference Time: NAms
---------------------------------------------------

Experiment 34/70
Configuration: hidden_dim=384, heads=11, blocks=4, patch_size=4, lr=1e-4
Failed - Error during execution
---------------------------------------------------

Experiment 35/70
Configuration: hidden_dim=512, heads=5, blocks=9, patch_size=4, lr=1e-4
Failed - Error during execution
---------------------------------------------------

Experiment 36/70
Configuration: hidden_dim=800, heads=9, blocks=11, patch_size=16, lr=1e-5
Failed - Error during execution
---------------------------------------------------

Experiment 37/70
Configuration: hidden_dim=160, heads=7, blocks=9, patch_size=8, lr=1e-5
Failed - Error during execution
---------------------------------------------------

Experiment 38/70
Configuration: hidden_dim=576, heads=7, blocks=9, patch_size=16, lr=1e-5
Failed - Error during execution
---------------------------------------------------

Experiment 39/70
Configuration: hidden_dim=352, heads=6, blocks=9, patch_size=8, lr=1e-5
Failed - Error during execution
---------------------------------------------------

Experiment 40/70
Configuration: hidden_dim=352, heads=12, blocks=11, patch_size=16, lr=1e-5
Failed - Error during execution
---------------------------------------------------

Experiment 41/70
Configuration: hidden_dim=416, heads=12, blocks=8, patch_size=16, lr=1e-5
Failed - Error during execution
---------------------------------------------------

Experiment 42/70
Configuration: hidden_dim=960, heads=4, blocks=12, patch_size=16, lr=1e-5
Failed - Error during execution
---------------------------------------------------

Experiment 43/70
Configuration: hidden_dim=416, heads=10, blocks=4, patch_size=16, lr=1e-5
Failed - Error during execution
---------------------------------------------------

Experiment 44/70
Configuration: hidden_dim=576, heads=6, blocks=12, patch_size=16, lr=1e-5
Failed - Error during execution
---------------------------------------------------

Experiment 45/70
Configuration: hidden_dim=800, heads=8, blocks=11, patch_size=8, lr=1e-5
